****Starting TC001_Customer Registration****
Clicked on Sign IN button with object:[[FirefoxDriver: firefox on WINDOWS (dd62412f-af0d-46a9-b16c-e1f10d677dce)] -> link text: Sign in]
Entering Email ID:qatest3681@gmail.comusing object:[[FirefoxDriver: firefox on WINDOWS (dd62412f-af0d-46a9-b16c-e1f10d677dce)] -> id: email_create]
****Starting TC001_Customer Registration****
Clicked on Sign IN button with object:[[FirefoxDriver: firefox on WINDOWS (eb0b305a-8710-4108-88f3-14b8f2c162d3)] -> link text: Sign in]
Entering Email ID:qatest1958@gmail.comusing object:[[FirefoxDriver: firefox on WINDOWS (eb0b305a-8710-4108-88f3-14b8f2c162d3)] -> id: email_create]
Clicking on Create an account:[[FirefoxDriver: firefox on WINDOWS (eb0b305a-8710-4108-88f3-14b8f2c162d3)] -> id: SubmitCreate]
Verifying customer info page by using object[[FirefoxDriver: firefox on WINDOWS (eb0b305a-8710-4108-88f3-14b8f2c162d3)] -> xpath: //h1[text()='Create an account']]
Clicking on Mr radio button by using object:[[FirefoxDriver: firefox on WINDOWS (eb0b305a-8710-4108-88f3-14b8f2c162d3)] -> id: id_gender1]
Entering first name by using object :[[FirefoxDriver: firefox on WINDOWS (eb0b305a-8710-4108-88f3-14b8f2c162d3)] -> id: customer_firstname]
Entering last name by using object :[[FirefoxDriver: firefox on WINDOWS (eb0b305a-8710-4108-88f3-14b8f2c162d3)] -> id: customer_lastname]
Entering password by using object :[[FirefoxDriver: firefox on WINDOWS (eb0b305a-8710-4108-88f3-14b8f2c162d3)] -> id: passwd]
Selected a day by using object :[[FirefoxDriver: firefox on WINDOWS (eb0b305a-8710-4108-88f3-14b8f2c162d3)] -> id: days]
Selected a month by using object :[[FirefoxDriver: firefox on WINDOWS (eb0b305a-8710-4108-88f3-14b8f2c162d3)] -> id: months]
Selected a year by using object :[[FirefoxDriver: firefox on WINDOWS (eb0b305a-8710-4108-88f3-14b8f2c162d3)] -> id: years]
Entering address by using object :[[FirefoxDriver: firefox on WINDOWS (eb0b305a-8710-4108-88f3-14b8f2c162d3)] -> id: address1]
Entering state by using object :[[FirefoxDriver: firefox on WINDOWS (eb0b305a-8710-4108-88f3-14b8f2c162d3)] -> id: city]
Selected a state by using object :[[FirefoxDriver: firefox on WINDOWS (eb0b305a-8710-4108-88f3-14b8f2c162d3)] -> id: id_state]
Entering zipcode by using object :[[FirefoxDriver: firefox on WINDOWS (eb0b305a-8710-4108-88f3-14b8f2c162d3)] -> id: postcode]
Selected a country by using object :[[FirefoxDriver: firefox on WINDOWS (eb0b305a-8710-4108-88f3-14b8f2c162d3)] -> id: id_country]
Entering mobile number by using object :[[FirefoxDriver: firefox on WINDOWS (eb0b305a-8710-4108-88f3-14b8f2c162d3)] -> id: phone_mobile]
Entering aliasing Address by using object :[[FirefoxDriver: firefox on WINDOWS (eb0b305a-8710-4108-88f3-14b8f2c162d3)] -> id: alias]
Clicking on Register :Proxy element for: DefaultElementLocator 'By.id: submitAccount'
Verified My account page by using object :[[FirefoxDriver: firefox on WINDOWS (eb0b305a-8710-4108-88f3-14b8f2c162d3)] -> xpath: //h1[text()='My account']]
Clicked on SignOut button with object : Proxy element for: DefaultElementLocator 'By.linkText: Sign out'
****End of TC001_Customer Registration****
****Starting TC001_Customer Registration****
Clicked on Sign IN button with object:[[FirefoxDriver: firefox on WINDOWS (74a7023a-a0a7-4e76-9ec8-c029175f5397)] -> link text: Sign in]
Entering Email ID:qatest3247@gmail.comusing object:[[FirefoxDriver: firefox on WINDOWS (74a7023a-a0a7-4e76-9ec8-c029175f5397)] -> id: email_create]
Clicking on Create an account:[[FirefoxDriver: firefox on WINDOWS (74a7023a-a0a7-4e76-9ec8-c029175f5397)] -> id: SubmitCreate]
Verifying customer info page by using object[[FirefoxDriver: firefox on WINDOWS (74a7023a-a0a7-4e76-9ec8-c029175f5397)] -> xpath: //h1[text()='Create an account']]
Clicking on Mr radio button by using object:[[FirefoxDriver: firefox on WINDOWS (74a7023a-a0a7-4e76-9ec8-c029175f5397)] -> id: id_gender1]
Entering first name by using object :[[FirefoxDriver: firefox on WINDOWS (74a7023a-a0a7-4e76-9ec8-c029175f5397)] -> id: customer_firstname]
Entering last name by using object :[[FirefoxDriver: firefox on WINDOWS (74a7023a-a0a7-4e76-9ec8-c029175f5397)] -> id: customer_lastname]
Entering password by using object :[[FirefoxDriver: firefox on WINDOWS (74a7023a-a0a7-4e76-9ec8-c029175f5397)] -> id: passwd]
Selected a day by using object :[[FirefoxDriver: firefox on WINDOWS (74a7023a-a0a7-4e76-9ec8-c029175f5397)] -> id: days]
Selected a month by using object :[[FirefoxDriver: firefox on WINDOWS (74a7023a-a0a7-4e76-9ec8-c029175f5397)] -> id: months]
Selected a year by using object :[[FirefoxDriver: firefox on WINDOWS (74a7023a-a0a7-4e76-9ec8-c029175f5397)] -> id: years]
Entering address by using object :[[FirefoxDriver: firefox on WINDOWS (74a7023a-a0a7-4e76-9ec8-c029175f5397)] -> id: address1]
Entering state by using object :[[FirefoxDriver: firefox on WINDOWS (74a7023a-a0a7-4e76-9ec8-c029175f5397)] -> id: city]
Selected a state by using object :[[FirefoxDriver: firefox on WINDOWS (74a7023a-a0a7-4e76-9ec8-c029175f5397)] -> id: id_state]
Entering zipcode by using object :[[FirefoxDriver: firefox on WINDOWS (74a7023a-a0a7-4e76-9ec8-c029175f5397)] -> id: postcode]
Selected a country by using object :[[FirefoxDriver: firefox on WINDOWS (74a7023a-a0a7-4e76-9ec8-c029175f5397)] -> id: id_country]
Entering mobile number by using object :[[FirefoxDriver: firefox on WINDOWS (74a7023a-a0a7-4e76-9ec8-c029175f5397)] -> id: phone_mobile]
Entering aliasing Address by using object :[[FirefoxDriver: firefox on WINDOWS (74a7023a-a0a7-4e76-9ec8-c029175f5397)] -> id: alias]
Clicking on Register :Proxy element for: DefaultElementLocator 'By.id: submitAccount'
Verified My account page by using object :[[FirefoxDriver: firefox on WINDOWS (74a7023a-a0a7-4e76-9ec8-c029175f5397)] -> xpath: //h1[text()='My account']]
Clicked on SignOut button with object : Proxy element for: DefaultElementLocator 'By.linkText: Sign out'
****End of TC001_Customer Registration****
****Starting TC001_Customer Registration****
Clicked on Sign IN button with object:[[FirefoxDriver: firefox on WINDOWS (3abe12ec-7520-4ab5-a2ac-4bf6ee3fcad8)] -> link text: Sign in]
Entering Email ID:qatest4532@gmail.comusing object:[[FirefoxDriver: firefox on WINDOWS (3abe12ec-7520-4ab5-a2ac-4bf6ee3fcad8)] -> id: email_create]
Clicking on Create an account:[[FirefoxDriver: firefox on WINDOWS (3abe12ec-7520-4ab5-a2ac-4bf6ee3fcad8)] -> id: SubmitCreate]
Verifying customer info page by using object[[FirefoxDriver: firefox on WINDOWS (3abe12ec-7520-4ab5-a2ac-4bf6ee3fcad8)] -> xpath: //h1[text()='Create an account']]
Clicking on Mr radio button by using object:[[FirefoxDriver: firefox on WINDOWS (3abe12ec-7520-4ab5-a2ac-4bf6ee3fcad8)] -> id: id_gender1]
Entering first name by using object :[[FirefoxDriver: firefox on WINDOWS (3abe12ec-7520-4ab5-a2ac-4bf6ee3fcad8)] -> id: customer_firstname]
Entering last name by using object :[[FirefoxDriver: firefox on WINDOWS (3abe12ec-7520-4ab5-a2ac-4bf6ee3fcad8)] -> id: customer_lastname]
Entering password by using object :[[FirefoxDriver: firefox on WINDOWS (3abe12ec-7520-4ab5-a2ac-4bf6ee3fcad8)] -> id: passwd]
Selected a day by using object :[[FirefoxDriver: firefox on WINDOWS (3abe12ec-7520-4ab5-a2ac-4bf6ee3fcad8)] -> id: days]
Selected a month by using object :[[FirefoxDriver: firefox on WINDOWS (3abe12ec-7520-4ab5-a2ac-4bf6ee3fcad8)] -> id: months]
Selected a year by using object :[[FirefoxDriver: firefox on WINDOWS (3abe12ec-7520-4ab5-a2ac-4bf6ee3fcad8)] -> id: years]
Entering address by using object :[[FirefoxDriver: firefox on WINDOWS (3abe12ec-7520-4ab5-a2ac-4bf6ee3fcad8)] -> id: address1]
Entering state by using object :[[FirefoxDriver: firefox on WINDOWS (3abe12ec-7520-4ab5-a2ac-4bf6ee3fcad8)] -> id: city]
Selected a state by using object :[[FirefoxDriver: firefox on WINDOWS (3abe12ec-7520-4ab5-a2ac-4bf6ee3fcad8)] -> id: id_state]
Entering zipcode by using object :[[FirefoxDriver: firefox on WINDOWS (3abe12ec-7520-4ab5-a2ac-4bf6ee3fcad8)] -> id: postcode]
Selected a country by using object :[[FirefoxDriver: firefox on WINDOWS (3abe12ec-7520-4ab5-a2ac-4bf6ee3fcad8)] -> id: id_country]
Entering mobile number by using object :[[FirefoxDriver: firefox on WINDOWS (3abe12ec-7520-4ab5-a2ac-4bf6ee3fcad8)] -> id: phone_mobile]
Entering aliasing Address by using object :[[FirefoxDriver: firefox on WINDOWS (3abe12ec-7520-4ab5-a2ac-4bf6ee3fcad8)] -> id: alias]
Clicking on Register :Proxy element for: DefaultElementLocator 'By.id: submitAccount'
Verified My account page by using object :[[FirefoxDriver: firefox on WINDOWS (3abe12ec-7520-4ab5-a2ac-4bf6ee3fcad8)] -> xpath: //h1[text()='My account']]
Clicked on SignOut button with object : Proxy element for: DefaultElementLocator 'By.linkText: Sign out'
****End of TC001_Customer Registration****
****Starting TC001_Customer Registration****
Clicked on Sign IN button with object:[[FirefoxDriver: firefox on WINDOWS (90047d5c-8d58-4317-9247-d79df522bb15)] -> link text: Sign in]
Entering Email ID:qatest4142@gmail.comusing object:[[FirefoxDriver: firefox on WINDOWS (90047d5c-8d58-4317-9247-d79df522bb15)] -> id: email_create]
Clicking on Create an account:[[FirefoxDriver: firefox on WINDOWS (90047d5c-8d58-4317-9247-d79df522bb15)] -> id: SubmitCreate]
Verifying customer info page by using object[[FirefoxDriver: firefox on WINDOWS (90047d5c-8d58-4317-9247-d79df522bb15)] -> xpath: //h1[text()='Create an account']]
Clicking on Mr radio button by using object:[[FirefoxDriver: firefox on WINDOWS (90047d5c-8d58-4317-9247-d79df522bb15)] -> id: id_gender1]
Entering first name by using object :[[FirefoxDriver: firefox on WINDOWS (90047d5c-8d58-4317-9247-d79df522bb15)] -> id: customer_firstname]
Entering last name by using object :[[FirefoxDriver: firefox on WINDOWS (90047d5c-8d58-4317-9247-d79df522bb15)] -> id: customer_lastname]
Entering password by using object :[[FirefoxDriver: firefox on WINDOWS (90047d5c-8d58-4317-9247-d79df522bb15)] -> id: passwd]
Selected a day by using object :[[FirefoxDriver: firefox on WINDOWS (90047d5c-8d58-4317-9247-d79df522bb15)] -> id: days]
Selected a month by using object :[[FirefoxDriver: firefox on WINDOWS (90047d5c-8d58-4317-9247-d79df522bb15)] -> id: months]
Selected a year by using object :[[FirefoxDriver: firefox on WINDOWS (90047d5c-8d58-4317-9247-d79df522bb15)] -> id: years]
Entering address by using object :[[FirefoxDriver: firefox on WINDOWS (90047d5c-8d58-4317-9247-d79df522bb15)] -> id: address1]
Entering state by using object :[[FirefoxDriver: firefox on WINDOWS (90047d5c-8d58-4317-9247-d79df522bb15)] -> id: city]
Selected a state by using object :[[FirefoxDriver: firefox on WINDOWS (90047d5c-8d58-4317-9247-d79df522bb15)] -> id: id_state]
Entering zipcode by using object :[[FirefoxDriver: firefox on WINDOWS (90047d5c-8d58-4317-9247-d79df522bb15)] -> id: postcode]
Selected a country by using object :[[FirefoxDriver: firefox on WINDOWS (90047d5c-8d58-4317-9247-d79df522bb15)] -> id: id_country]
Entering mobile number by using object :[[FirefoxDriver: firefox on WINDOWS (90047d5c-8d58-4317-9247-d79df522bb15)] -> id: phone_mobile]
Entering aliasing Address by using object :[[FirefoxDriver: firefox on WINDOWS (90047d5c-8d58-4317-9247-d79df522bb15)] -> id: alias]
Clicking on Register :Proxy element for: DefaultElementLocator 'By.id: submitAccount'
Verified My account page by using object :[[FirefoxDriver: firefox on WINDOWS (90047d5c-8d58-4317-9247-d79df522bb15)] -> xpath: //h1[text()='My account']]
Clicked on SignOut button with object : Proxy element for: DefaultElementLocator 'By.linkText: Sign out'
****End of TC001_Customer Registration****
****Starting TC001_Customer Registration****
Clicked on Sign IN button with object:[[FirefoxDriver: firefox on WINDOWS (a0784e6b-f89d-4cfe-a668-2c8f3ce9efbb)] -> link text: Sign in]
Entering Email ID:qatest3342@gmail.comusing object:[[FirefoxDriver: firefox on WINDOWS (a0784e6b-f89d-4cfe-a668-2c8f3ce9efbb)] -> id: email_create]
Clicking on Create an account:[[FirefoxDriver: firefox on WINDOWS (a0784e6b-f89d-4cfe-a668-2c8f3ce9efbb)] -> id: SubmitCreate]
Verifying customer info page by using object[[FirefoxDriver: firefox on WINDOWS (a0784e6b-f89d-4cfe-a668-2c8f3ce9efbb)] -> xpath: //h1[text()='Create an account']]
Clicking on Mr radio button by using object:[[FirefoxDriver: firefox on WINDOWS (a0784e6b-f89d-4cfe-a668-2c8f3ce9efbb)] -> id: id_gender1]
Entering first name by using object :[[FirefoxDriver: firefox on WINDOWS (a0784e6b-f89d-4cfe-a668-2c8f3ce9efbb)] -> id: customer_firstname]
Entering last name by using object :[[FirefoxDriver: firefox on WINDOWS (a0784e6b-f89d-4cfe-a668-2c8f3ce9efbb)] -> id: customer_lastname]
Entering password by using object :[[FirefoxDriver: firefox on WINDOWS (a0784e6b-f89d-4cfe-a668-2c8f3ce9efbb)] -> id: passwd]
Selected a day by using object :[[FirefoxDriver: firefox on WINDOWS (a0784e6b-f89d-4cfe-a668-2c8f3ce9efbb)] -> id: days]
Selected a month by using object :[[FirefoxDriver: firefox on WINDOWS (a0784e6b-f89d-4cfe-a668-2c8f3ce9efbb)] -> id: months]
Selected a year by using object :[[FirefoxDriver: firefox on WINDOWS (a0784e6b-f89d-4cfe-a668-2c8f3ce9efbb)] -> id: years]
Entering address by using object :[[FirefoxDriver: firefox on WINDOWS (a0784e6b-f89d-4cfe-a668-2c8f3ce9efbb)] -> id: address1]
Entering state by using object :[[FirefoxDriver: firefox on WINDOWS (a0784e6b-f89d-4cfe-a668-2c8f3ce9efbb)] -> id: city]
Selected a state by using object :[[FirefoxDriver: firefox on WINDOWS (a0784e6b-f89d-4cfe-a668-2c8f3ce9efbb)] -> id: id_state]
Entering zipcode by using object :[[FirefoxDriver: firefox on WINDOWS (a0784e6b-f89d-4cfe-a668-2c8f3ce9efbb)] -> id: postcode]
Selected a country by using object :[[FirefoxDriver: firefox on WINDOWS (a0784e6b-f89d-4cfe-a668-2c8f3ce9efbb)] -> id: id_country]
Entering mobile number by using object :[[FirefoxDriver: firefox on WINDOWS (a0784e6b-f89d-4cfe-a668-2c8f3ce9efbb)] -> id: phone_mobile]
Entering aliasing Address by using object :[[FirefoxDriver: firefox on WINDOWS (a0784e6b-f89d-4cfe-a668-2c8f3ce9efbb)] -> id: alias]
Clicking on Register :Proxy element for: DefaultElementLocator 'By.id: submitAccount'
Verified My account page by using object :[[FirefoxDriver: firefox on WINDOWS (a0784e6b-f89d-4cfe-a668-2c8f3ce9efbb)] -> xpath: //h1[text()='My account']]
Clicked on SignOut button with object : Proxy element for: DefaultElementLocator 'By.linkText: Sign out'
****End of TC001_Customer Registration****
****Starting TC001_Customer Registration****
****Starting TC001_Customer Registration****
****Starting TC001_Customer Registration****
Clicked on Sign IN button with object:[[FirefoxDriver: firefox on WINDOWS (f9874fbf-9aaf-4cb5-8d75-a64c6a10fc8c)] -> link text: Sign in]
Clicked on Sign IN button with object:[[FirefoxDriver: firefox on WINDOWS (46698703-03bd-4e67-8eae-a64d7691726e)] -> link text: Sign in]
Clicked on Sign IN button with object:[[FirefoxDriver: firefox on WINDOWS (74f3081b-d54f-4d4d-81a6-f89e4fbb2b3c)] -> link text: Sign in]
Entering Email ID:qatest2830@gmail.comusing object:[[FirefoxDriver: firefox on WINDOWS (46698703-03bd-4e67-8eae-a64d7691726e)] -> id: email_create]
Entering Email ID:qatest8903@gmail.comusing object:[[FirefoxDriver: firefox on WINDOWS (74f3081b-d54f-4d4d-81a6-f89e4fbb2b3c)] -> id: email_create]
Entering Email ID:qatest1906@gmail.comusing object:[[FirefoxDriver: firefox on WINDOWS (f9874fbf-9aaf-4cb5-8d75-a64c6a10fc8c)] -> id: email_create]
Clicking on Create an account:[[FirefoxDriver: firefox on WINDOWS (46698703-03bd-4e67-8eae-a64d7691726e)] -> id: SubmitCreate]
Clicking on Create an account:[[FirefoxDriver: firefox on WINDOWS (f9874fbf-9aaf-4cb5-8d75-a64c6a10fc8c)] -> id: SubmitCreate]
Clicking on Create an account:[[FirefoxDriver: firefox on WINDOWS (74f3081b-d54f-4d4d-81a6-f89e4fbb2b3c)] -> id: SubmitCreate]
Verifying customer info page by using object[[FirefoxDriver: firefox on WINDOWS (f9874fbf-9aaf-4cb5-8d75-a64c6a10fc8c)] -> xpath: //h1[text()='Create an account']]
Verifying customer info page by using object[[FirefoxDriver: firefox on WINDOWS (74f3081b-d54f-4d4d-81a6-f89e4fbb2b3c)] -> xpath: //h1[text()='Create an account']]
Verifying customer info page by using object[[FirefoxDriver: firefox on WINDOWS (46698703-03bd-4e67-8eae-a64d7691726e)] -> xpath: //h1[text()='Create an account']]
Clicking on Mr radio button by using object:[[FirefoxDriver: firefox on WINDOWS (f9874fbf-9aaf-4cb5-8d75-a64c6a10fc8c)] -> id: id_gender1]
Clicking on Mr radio button by using object:[[FirefoxDriver: firefox on WINDOWS (46698703-03bd-4e67-8eae-a64d7691726e)] -> id: id_gender1]
Clicking on Mr radio button by using object:[[FirefoxDriver: firefox on WINDOWS (74f3081b-d54f-4d4d-81a6-f89e4fbb2b3c)] -> id: id_gender1]
Entering first name by using object :[[FirefoxDriver: firefox on WINDOWS (46698703-03bd-4e67-8eae-a64d7691726e)] -> id: customer_firstname]
Entering first name by using object :[[FirefoxDriver: firefox on WINDOWS (f9874fbf-9aaf-4cb5-8d75-a64c6a10fc8c)] -> id: customer_firstname]
Entering first name by using object :[[FirefoxDriver: firefox on WINDOWS (74f3081b-d54f-4d4d-81a6-f89e4fbb2b3c)] -> id: customer_firstname]
Entering last name by using object :[[FirefoxDriver: firefox on WINDOWS (f9874fbf-9aaf-4cb5-8d75-a64c6a10fc8c)] -> id: customer_lastname]
Entering last name by using object :[[FirefoxDriver: firefox on WINDOWS (46698703-03bd-4e67-8eae-a64d7691726e)] -> id: customer_lastname]
Entering last name by using object :[[FirefoxDriver: firefox on WINDOWS (74f3081b-d54f-4d4d-81a6-f89e4fbb2b3c)] -> id: customer_lastname]
Entering password by using object :[[FirefoxDriver: firefox on WINDOWS (f9874fbf-9aaf-4cb5-8d75-a64c6a10fc8c)] -> id: passwd]
Entering password by using object :[[FirefoxDriver: firefox on WINDOWS (46698703-03bd-4e67-8eae-a64d7691726e)] -> id: passwd]
Entering password by using object :[[FirefoxDriver: firefox on WINDOWS (74f3081b-d54f-4d4d-81a6-f89e4fbb2b3c)] -> id: passwd]
Selected a day by using object :[[FirefoxDriver: firefox on WINDOWS (46698703-03bd-4e67-8eae-a64d7691726e)] -> id: days]
Selected a day by using object :[[FirefoxDriver: firefox on WINDOWS (f9874fbf-9aaf-4cb5-8d75-a64c6a10fc8c)] -> id: days]
Selected a day by using object :[[FirefoxDriver: firefox on WINDOWS (74f3081b-d54f-4d4d-81a6-f89e4fbb2b3c)] -> id: days]
Selected a month by using object :[[FirefoxDriver: firefox on WINDOWS (74f3081b-d54f-4d4d-81a6-f89e4fbb2b3c)] -> id: months]
Selected a month by using object :[[FirefoxDriver: firefox on WINDOWS (f9874fbf-9aaf-4cb5-8d75-a64c6a10fc8c)] -> id: months]
Selected a month by using object :[[FirefoxDriver: firefox on WINDOWS (46698703-03bd-4e67-8eae-a64d7691726e)] -> id: months]
Selected a year by using object :[[FirefoxDriver: firefox on WINDOWS (74f3081b-d54f-4d4d-81a6-f89e4fbb2b3c)] -> id: years]
Selected a year by using object :[[FirefoxDriver: firefox on WINDOWS (f9874fbf-9aaf-4cb5-8d75-a64c6a10fc8c)] -> id: years]
Selected a year by using object :[[FirefoxDriver: firefox on WINDOWS (46698703-03bd-4e67-8eae-a64d7691726e)] -> id: years]
Entering address by using object :[[FirefoxDriver: firefox on WINDOWS (74f3081b-d54f-4d4d-81a6-f89e4fbb2b3c)] -> id: address1]
Entering address by using object :[[FirefoxDriver: firefox on WINDOWS (f9874fbf-9aaf-4cb5-8d75-a64c6a10fc8c)] -> id: address1]
Entering address by using object :[[FirefoxDriver: firefox on WINDOWS (46698703-03bd-4e67-8eae-a64d7691726e)] -> id: address1]
Entering state by using object :[[FirefoxDriver: firefox on WINDOWS (74f3081b-d54f-4d4d-81a6-f89e4fbb2b3c)] -> id: city]
Entering state by using object :[[FirefoxDriver: firefox on WINDOWS (f9874fbf-9aaf-4cb5-8d75-a64c6a10fc8c)] -> id: city]
Entering state by using object :[[FirefoxDriver: firefox on WINDOWS (46698703-03bd-4e67-8eae-a64d7691726e)] -> id: city]
Selected a state by using object :[[FirefoxDriver: firefox on WINDOWS (46698703-03bd-4e67-8eae-a64d7691726e)] -> id: id_state]
Selected a state by using object :[[FirefoxDriver: firefox on WINDOWS (f9874fbf-9aaf-4cb5-8d75-a64c6a10fc8c)] -> id: id_state]
Selected a state by using object :[[FirefoxDriver: firefox on WINDOWS (74f3081b-d54f-4d4d-81a6-f89e4fbb2b3c)] -> id: id_state]
Entering zipcode by using object :[[FirefoxDriver: firefox on WINDOWS (46698703-03bd-4e67-8eae-a64d7691726e)] -> id: postcode]
Entering zipcode by using object :[[FirefoxDriver: firefox on WINDOWS (f9874fbf-9aaf-4cb5-8d75-a64c6a10fc8c)] -> id: postcode]
Entering zipcode by using object :[[FirefoxDriver: firefox on WINDOWS (74f3081b-d54f-4d4d-81a6-f89e4fbb2b3c)] -> id: postcode]
Selected a country by using object :[[FirefoxDriver: firefox on WINDOWS (f9874fbf-9aaf-4cb5-8d75-a64c6a10fc8c)] -> id: id_country]
Selected a country by using object :[[FirefoxDriver: firefox on WINDOWS (46698703-03bd-4e67-8eae-a64d7691726e)] -> id: id_country]
Entering mobile number by using object :[[FirefoxDriver: firefox on WINDOWS (f9874fbf-9aaf-4cb5-8d75-a64c6a10fc8c)] -> id: phone_mobile]
Entering mobile number by using object :[[FirefoxDriver: firefox on WINDOWS (46698703-03bd-4e67-8eae-a64d7691726e)] -> id: phone_mobile]
Selected a country by using object :[[FirefoxDriver: firefox on WINDOWS (74f3081b-d54f-4d4d-81a6-f89e4fbb2b3c)] -> id: id_country]
Entering aliasing Address by using object :[[FirefoxDriver: firefox on WINDOWS (f9874fbf-9aaf-4cb5-8d75-a64c6a10fc8c)] -> id: alias]
Entering aliasing Address by using object :[[FirefoxDriver: firefox on WINDOWS (46698703-03bd-4e67-8eae-a64d7691726e)] -> id: alias]
Entering mobile number by using object :[[FirefoxDriver: firefox on WINDOWS (74f3081b-d54f-4d4d-81a6-f89e4fbb2b3c)] -> id: phone_mobile]
Entering aliasing Address by using object :[[FirefoxDriver: firefox on WINDOWS (74f3081b-d54f-4d4d-81a6-f89e4fbb2b3c)] -> id: alias]
Clicking on Register :Proxy element for: DefaultElementLocator 'By.id: submitAccount'
Clicking on Register :Proxy element for: DefaultElementLocator 'By.id: submitAccount'
Clicking on Register :Proxy element for: DefaultElementLocator 'By.id: submitAccount'
Verified My account page by using object :[[FirefoxDriver: firefox on WINDOWS (46698703-03bd-4e67-8eae-a64d7691726e)] -> xpath: //h1[text()='My account']]
Verified My account page by using object :[[FirefoxDriver: firefox on WINDOWS (74f3081b-d54f-4d4d-81a6-f89e4fbb2b3c)] -> xpath: //h1[text()='My account']]
Verified My account page by using object :[[FirefoxDriver: firefox on WINDOWS (f9874fbf-9aaf-4cb5-8d75-a64c6a10fc8c)] -> xpath: //h1[text()='My account']]
Clicked on SignOut button with object : Proxy element for: DefaultElementLocator 'By.linkText: Sign out'
****End of TC001_Customer Registration****
Clicked on SignOut button with object : Proxy element for: DefaultElementLocator 'By.linkText: Sign out'
****End of TC001_Customer Registration****
Clicked on SignOut button with object : Proxy element for: DefaultElementLocator 'By.linkText: Sign out'
****End of TC001_Customer Registration****
****Starting TC001_Customer Registration****
Clicked on Sign IN button with object:[[FirefoxDriver: firefox on WINDOWS (b762c4ca-e993-417c-94a5-fd36a7950aec)] -> link text: Sign in]
Entering Email ID:qatest8000@gmail.comusing object:[[FirefoxDriver: firefox on WINDOWS (b762c4ca-e993-417c-94a5-fd36a7950aec)] -> id: email_create]
Clicking on Create an account:[[FirefoxDriver: firefox on WINDOWS (b762c4ca-e993-417c-94a5-fd36a7950aec)] -> id: SubmitCreate]
Verifying customer info page by using object[[FirefoxDriver: firefox on WINDOWS (b762c4ca-e993-417c-94a5-fd36a7950aec)] -> xpath: //h1[text()='Create an account']]
Clicking on Mr radio button by using object:[[FirefoxDriver: firefox on WINDOWS (b762c4ca-e993-417c-94a5-fd36a7950aec)] -> id: id_gender1]
Entering first name by using object :[[FirefoxDriver: firefox on WINDOWS (b762c4ca-e993-417c-94a5-fd36a7950aec)] -> id: customer_firstname]
Entering last name by using object :[[FirefoxDriver: firefox on WINDOWS (b762c4ca-e993-417c-94a5-fd36a7950aec)] -> id: customer_lastname]
Entering password by using object :[[FirefoxDriver: firefox on WINDOWS (b762c4ca-e993-417c-94a5-fd36a7950aec)] -> id: passwd]
Selected a day by using object :[[FirefoxDriver: firefox on WINDOWS (b762c4ca-e993-417c-94a5-fd36a7950aec)] -> id: days]
Selected a month by using object :[[FirefoxDriver: firefox on WINDOWS (b762c4ca-e993-417c-94a5-fd36a7950aec)] -> id: months]
Selected a year by using object :[[FirefoxDriver: firefox on WINDOWS (b762c4ca-e993-417c-94a5-fd36a7950aec)] -> id: years]
Entering address by using object :[[FirefoxDriver: firefox on WINDOWS (b762c4ca-e993-417c-94a5-fd36a7950aec)] -> id: address1]
Entering state by using object :[[FirefoxDriver: firefox on WINDOWS (b762c4ca-e993-417c-94a5-fd36a7950aec)] -> id: city]
Selected a state by using object :[[FirefoxDriver: firefox on WINDOWS (b762c4ca-e993-417c-94a5-fd36a7950aec)] -> id: id_state]
Entering zipcode by using object :[[FirefoxDriver: firefox on WINDOWS (b762c4ca-e993-417c-94a5-fd36a7950aec)] -> id: postcode]
Selected a country by using object :[[FirefoxDriver: firefox on WINDOWS (b762c4ca-e993-417c-94a5-fd36a7950aec)] -> id: id_country]
Entering mobile number by using object :[[FirefoxDriver: firefox on WINDOWS (b762c4ca-e993-417c-94a5-fd36a7950aec)] -> id: phone_mobile]
Entering aliasing Address by using object :[[FirefoxDriver: firefox on WINDOWS (b762c4ca-e993-417c-94a5-fd36a7950aec)] -> id: alias]
Clicking on Register :Proxy element for: DefaultElementLocator 'By.id: submitAccount'
Verified My account page by using object :[[FirefoxDriver: firefox on WINDOWS (b762c4ca-e993-417c-94a5-fd36a7950aec)] -> xpath: //h1[text()='My account']]
Clicked on SignOut button with object : Proxy element for: DefaultElementLocator 'By.linkText: Sign out'
****End of TC001_Customer Registration****
****Starting TC001_Customer Registration****
Clicked on Sign IN button with object:[[FirefoxDriver: firefox on WINDOWS (16ba7bb7-ae3f-4617-baf8-9fe0d0c5b186)] -> link text: Sign in]
Entering Email ID:qatest1399@gmail.comusing object:[[FirefoxDriver: firefox on WINDOWS (16ba7bb7-ae3f-4617-baf8-9fe0d0c5b186)] -> id: email_create]
Clicking on Create an account:[[FirefoxDriver: firefox on WINDOWS (16ba7bb7-ae3f-4617-baf8-9fe0d0c5b186)] -> id: SubmitCreate]
Verifying customer info page by using object[[FirefoxDriver: firefox on WINDOWS (16ba7bb7-ae3f-4617-baf8-9fe0d0c5b186)] -> xpath: //h1[text()='Create an account']]
Clicking on Mr radio button by using object:[[FirefoxDriver: firefox on WINDOWS (16ba7bb7-ae3f-4617-baf8-9fe0d0c5b186)] -> id: id_gender1]
Entering first name by using object :[[FirefoxDriver: firefox on WINDOWS (16ba7bb7-ae3f-4617-baf8-9fe0d0c5b186)] -> id: customer_firstname]
Entering last name by using object :[[FirefoxDriver: firefox on WINDOWS (16ba7bb7-ae3f-4617-baf8-9fe0d0c5b186)] -> id: customer_lastname]
Entering password by using object :[[FirefoxDriver: firefox on WINDOWS (16ba7bb7-ae3f-4617-baf8-9fe0d0c5b186)] -> id: passwd]
Selected a day by using object :[[FirefoxDriver: firefox on WINDOWS (16ba7bb7-ae3f-4617-baf8-9fe0d0c5b186)] -> id: days]
Selected a month by using object :[[FirefoxDriver: firefox on WINDOWS (16ba7bb7-ae3f-4617-baf8-9fe0d0c5b186)] -> id: months]
Selected a year by using object :[[FirefoxDriver: firefox on WINDOWS (16ba7bb7-ae3f-4617-baf8-9fe0d0c5b186)] -> id: years]
Entering address by using object :[[FirefoxDriver: firefox on WINDOWS (16ba7bb7-ae3f-4617-baf8-9fe0d0c5b186)] -> id: address1]
Entering state by using object :[[FirefoxDriver: firefox on WINDOWS (16ba7bb7-ae3f-4617-baf8-9fe0d0c5b186)] -> id: city]
Selected a state by using object :[[FirefoxDriver: firefox on WINDOWS (16ba7bb7-ae3f-4617-baf8-9fe0d0c5b186)] -> id: id_state]
Entering zipcode by using object :[[FirefoxDriver: firefox on WINDOWS (16ba7bb7-ae3f-4617-baf8-9fe0d0c5b186)] -> id: postcode]
Selected a country by using object :[[FirefoxDriver: firefox on WINDOWS (16ba7bb7-ae3f-4617-baf8-9fe0d0c5b186)] -> id: id_country]
Entering mobile number by using object :[[FirefoxDriver: firefox on WINDOWS (16ba7bb7-ae3f-4617-baf8-9fe0d0c5b186)] -> id: phone_mobile]
Entering aliasing Address by using object :[[FirefoxDriver: firefox on WINDOWS (16ba7bb7-ae3f-4617-baf8-9fe0d0c5b186)] -> id: alias]
Clicking on Register :Proxy element for: DefaultElementLocator 'By.id: submitAccount'
Verified My account page by using object :[[FirefoxDriver: firefox on WINDOWS (16ba7bb7-ae3f-4617-baf8-9fe0d0c5b186)] -> xpath: //h1[text()='My account']]
Clicked on SignOut button with object : Proxy element for: DefaultElementLocator 'By.linkText: Sign out'
****End of TC001_Customer Registration****
****Starting TC001_Customer Registration****
Clicked on Sign IN button with object:[[FirefoxDriver: firefox on WINDOWS (714be9af-f21d-4511-bf57-8508c13b322b)] -> link text: Sign in]
Entering Email ID:qatest3598@gmail.comusing object:[[FirefoxDriver: firefox on WINDOWS (714be9af-f21d-4511-bf57-8508c13b322b)] -> id: email_create]
Clicking on Create an account:[[FirefoxDriver: firefox on WINDOWS (714be9af-f21d-4511-bf57-8508c13b322b)] -> id: SubmitCreate]
Verifying customer info page by using object[[FirefoxDriver: firefox on WINDOWS (714be9af-f21d-4511-bf57-8508c13b322b)] -> xpath: //h1[text()='Create an account']]
Clicking on Mr radio button by using object:[[FirefoxDriver: firefox on WINDOWS (714be9af-f21d-4511-bf57-8508c13b322b)] -> id: id_gender1]
Entering first name by using object :[[FirefoxDriver: firefox on WINDOWS (714be9af-f21d-4511-bf57-8508c13b322b)] -> id: customer_firstname]
Entering last name by using object :[[FirefoxDriver: firefox on WINDOWS (714be9af-f21d-4511-bf57-8508c13b322b)] -> id: customer_lastname]
Entering password by using object :[[FirefoxDriver: firefox on WINDOWS (714be9af-f21d-4511-bf57-8508c13b322b)] -> id: passwd]
Selected a day by using object :[[FirefoxDriver: firefox on WINDOWS (714be9af-f21d-4511-bf57-8508c13b322b)] -> id: days]
Selected a month by using object :[[FirefoxDriver: firefox on WINDOWS (714be9af-f21d-4511-bf57-8508c13b322b)] -> id: months]
Selected a year by using object :[[FirefoxDriver: firefox on WINDOWS (714be9af-f21d-4511-bf57-8508c13b322b)] -> id: years]
Entering address by using object :[[FirefoxDriver: firefox on WINDOWS (714be9af-f21d-4511-bf57-8508c13b322b)] -> id: address1]
Entering state by using object :[[FirefoxDriver: firefox on WINDOWS (714be9af-f21d-4511-bf57-8508c13b322b)] -> id: city]
Selected a state by using object :[[FirefoxDriver: firefox on WINDOWS (714be9af-f21d-4511-bf57-8508c13b322b)] -> id: id_state]
Entering zipcode by using object :[[FirefoxDriver: firefox on WINDOWS (714be9af-f21d-4511-bf57-8508c13b322b)] -> id: postcode]
Selected a country by using object :[[FirefoxDriver: firefox on WINDOWS (714be9af-f21d-4511-bf57-8508c13b322b)] -> id: id_country]
Entering mobile number by using object :[[FirefoxDriver: firefox on WINDOWS (714be9af-f21d-4511-bf57-8508c13b322b)] -> id: phone_mobile]
Entering aliasing Address by using object :[[FirefoxDriver: firefox on WINDOWS (714be9af-f21d-4511-bf57-8508c13b322b)] -> id: alias]
Clicking on Register :Proxy element for: DefaultElementLocator 'By.id: submitAccount'
Verified My account page by using object :[[FirefoxDriver: firefox on WINDOWS (714be9af-f21d-4511-bf57-8508c13b322b)] -> xpath: //h1[text()='My account']]
Clicked on SignOut button with object : Proxy element for: DefaultElementLocator 'By.linkText: Sign out'
****End of TC001_Customer Registration****
****Starting TC001_Customer Registration****
****Starting TC001_Customer Registration****
****Starting TC001_Customer Registration****
Clicked on Sign IN button with object:[[FirefoxDriver: firefox on WINDOWS (fde790dd-a8f9-4452-add9-442bb8e9cb5b)] -> link text: Sign in]
Clicked on Sign IN button with object:[[FirefoxDriver: firefox on WINDOWS (1bd21725-f5fc-432b-83b7-1c187792de4e)] -> link text: Sign in]
Entering Email ID:qatest4305@gmail.comusing object:[[FirefoxDriver: firefox on WINDOWS (1bd21725-f5fc-432b-83b7-1c187792de4e)] -> id: email_create]
Clicked on Sign IN button with object:[[FirefoxDriver: firefox on WINDOWS (6aee7d05-4770-4eea-92d9-a43ffa783bd5)] -> link text: Sign in]
Clicking on Create an account:[[FirefoxDriver: firefox on WINDOWS (1bd21725-f5fc-432b-83b7-1c187792de4e)] -> id: SubmitCreate]
Entering Email ID:qatest936@gmail.comusing object:[[FirefoxDriver: firefox on WINDOWS (6aee7d05-4770-4eea-92d9-a43ffa783bd5)] -> id: email_create]
Clicking on Create an account:[[FirefoxDriver: firefox on WINDOWS (6aee7d05-4770-4eea-92d9-a43ffa783bd5)] -> id: SubmitCreate]
Entering Email ID:qatest7049@gmail.comusing object:[[FirefoxDriver: firefox on WINDOWS (fde790dd-a8f9-4452-add9-442bb8e9cb5b)] -> id: email_create]
Clicking on Create an account:[[FirefoxDriver: firefox on WINDOWS (fde790dd-a8f9-4452-add9-442bb8e9cb5b)] -> id: SubmitCreate]
Verifying customer info page by using object[[FirefoxDriver: firefox on WINDOWS (1bd21725-f5fc-432b-83b7-1c187792de4e)] -> xpath: //h1[text()='Create an account']]
Clicking on Mr radio button by using object:[[FirefoxDriver: firefox on WINDOWS (1bd21725-f5fc-432b-83b7-1c187792de4e)] -> id: id_gender1]
Entering first name by using object :[[FirefoxDriver: firefox on WINDOWS (1bd21725-f5fc-432b-83b7-1c187792de4e)] -> id: customer_firstname]
Entering last name by using object :[[FirefoxDriver: firefox on WINDOWS (1bd21725-f5fc-432b-83b7-1c187792de4e)] -> id: customer_lastname]
Entering password by using object :[[FirefoxDriver: firefox on WINDOWS (1bd21725-f5fc-432b-83b7-1c187792de4e)] -> id: passwd]
Verifying customer info page by using object[[FirefoxDriver: firefox on WINDOWS (6aee7d05-4770-4eea-92d9-a43ffa783bd5)] -> xpath: //h1[text()='Create an account']]
Clicking on Mr radio button by using object:[[FirefoxDriver: firefox on WINDOWS (6aee7d05-4770-4eea-92d9-a43ffa783bd5)] -> id: id_gender1]
Entering first name by using object :[[FirefoxDriver: firefox on WINDOWS (6aee7d05-4770-4eea-92d9-a43ffa783bd5)] -> id: customer_firstname]
Entering last name by using object :[[FirefoxDriver: firefox on WINDOWS (6aee7d05-4770-4eea-92d9-a43ffa783bd5)] -> id: customer_lastname]
Selected a day by using object :[[FirefoxDriver: firefox on WINDOWS (1bd21725-f5fc-432b-83b7-1c187792de4e)] -> id: days]
Entering password by using object :[[FirefoxDriver: firefox on WINDOWS (6aee7d05-4770-4eea-92d9-a43ffa783bd5)] -> id: passwd]
Selected a month by using object :[[FirefoxDriver: firefox on WINDOWS (1bd21725-f5fc-432b-83b7-1c187792de4e)] -> id: months]
Selected a day by using object :[[FirefoxDriver: firefox on WINDOWS (6aee7d05-4770-4eea-92d9-a43ffa783bd5)] -> id: days]
Selected a year by using object :[[FirefoxDriver: firefox on WINDOWS (1bd21725-f5fc-432b-83b7-1c187792de4e)] -> id: years]
Entering address by using object :[[FirefoxDriver: firefox on WINDOWS (1bd21725-f5fc-432b-83b7-1c187792de4e)] -> id: address1]
Entering state by using object :[[FirefoxDriver: firefox on WINDOWS (1bd21725-f5fc-432b-83b7-1c187792de4e)] -> id: city]
Selected a month by using object :[[FirefoxDriver: firefox on WINDOWS (6aee7d05-4770-4eea-92d9-a43ffa783bd5)] -> id: months]
Selected a state by using object :[[FirefoxDriver: firefox on WINDOWS (1bd21725-f5fc-432b-83b7-1c187792de4e)] -> id: id_state]
Entering zipcode by using object :[[FirefoxDriver: firefox on WINDOWS (1bd21725-f5fc-432b-83b7-1c187792de4e)] -> id: postcode]
Selected a country by using object :[[FirefoxDriver: firefox on WINDOWS (1bd21725-f5fc-432b-83b7-1c187792de4e)] -> id: id_country]
Selected a year by using object :[[FirefoxDriver: firefox on WINDOWS (6aee7d05-4770-4eea-92d9-a43ffa783bd5)] -> id: years]
Entering mobile number by using object :[[FirefoxDriver: firefox on WINDOWS (1bd21725-f5fc-432b-83b7-1c187792de4e)] -> id: phone_mobile]
Entering address by using object :[[FirefoxDriver: firefox on WINDOWS (6aee7d05-4770-4eea-92d9-a43ffa783bd5)] -> id: address1]
Entering aliasing Address by using object :[[FirefoxDriver: firefox on WINDOWS (1bd21725-f5fc-432b-83b7-1c187792de4e)] -> id: alias]
Entering state by using object :[[FirefoxDriver: firefox on WINDOWS (6aee7d05-4770-4eea-92d9-a43ffa783bd5)] -> id: city]
Selected a state by using object :[[FirefoxDriver: firefox on WINDOWS (6aee7d05-4770-4eea-92d9-a43ffa783bd5)] -> id: id_state]
Entering zipcode by using object :[[FirefoxDriver: firefox on WINDOWS (6aee7d05-4770-4eea-92d9-a43ffa783bd5)] -> id: postcode]
Selected a country by using object :[[FirefoxDriver: firefox on WINDOWS (6aee7d05-4770-4eea-92d9-a43ffa783bd5)] -> id: id_country]
Entering mobile number by using object :[[FirefoxDriver: firefox on WINDOWS (6aee7d05-4770-4eea-92d9-a43ffa783bd5)] -> id: phone_mobile]
Entering aliasing Address by using object :[[FirefoxDriver: firefox on WINDOWS (6aee7d05-4770-4eea-92d9-a43ffa783bd5)] -> id: alias]
Verifying customer info page by using object[[FirefoxDriver: firefox on WINDOWS (fde790dd-a8f9-4452-add9-442bb8e9cb5b)] -> xpath: //h1[text()='Create an account']]
Clicking on Mr radio button by using object:[[FirefoxDriver: firefox on WINDOWS (fde790dd-a8f9-4452-add9-442bb8e9cb5b)] -> id: id_gender1]
Entering first name by using object :[[FirefoxDriver: firefox on WINDOWS (fde790dd-a8f9-4452-add9-442bb8e9cb5b)] -> id: customer_firstname]
Entering last name by using object :[[FirefoxDriver: firefox on WINDOWS (fde790dd-a8f9-4452-add9-442bb8e9cb5b)] -> id: customer_lastname]
Entering password by using object :[[FirefoxDriver: firefox on WINDOWS (fde790dd-a8f9-4452-add9-442bb8e9cb5b)] -> id: passwd]
Clicking on Register :Proxy element for: DefaultElementLocator 'By.id: submitAccount'
Clicking on Register :Proxy element for: DefaultElementLocator 'By.id: submitAccount'
Selected a day by using object :[[FirefoxDriver: firefox on WINDOWS (fde790dd-a8f9-4452-add9-442bb8e9cb5b)] -> id: days]
Selected a month by using object :[[FirefoxDriver: firefox on WINDOWS (fde790dd-a8f9-4452-add9-442bb8e9cb5b)] -> id: months]
Selected a year by using object :[[FirefoxDriver: firefox on WINDOWS (fde790dd-a8f9-4452-add9-442bb8e9cb5b)] -> id: years]
Entering address by using object :[[FirefoxDriver: firefox on WINDOWS (fde790dd-a8f9-4452-add9-442bb8e9cb5b)] -> id: address1]
Entering state by using object :[[FirefoxDriver: firefox on WINDOWS (fde790dd-a8f9-4452-add9-442bb8e9cb5b)] -> id: city]
Selected a state by using object :[[FirefoxDriver: firefox on WINDOWS (fde790dd-a8f9-4452-add9-442bb8e9cb5b)] -> id: id_state]
Entering zipcode by using object :[[FirefoxDriver: firefox on WINDOWS (fde790dd-a8f9-4452-add9-442bb8e9cb5b)] -> id: postcode]
Selected a country by using object :[[FirefoxDriver: firefox on WINDOWS (fde790dd-a8f9-4452-add9-442bb8e9cb5b)] -> id: id_country]
Entering mobile number by using object :[[FirefoxDriver: firefox on WINDOWS (fde790dd-a8f9-4452-add9-442bb8e9cb5b)] -> id: phone_mobile]
Entering aliasing Address by using object :[[FirefoxDriver: firefox on WINDOWS (fde790dd-a8f9-4452-add9-442bb8e9cb5b)] -> id: alias]
Verified My account page by using object :[[FirefoxDriver: firefox on WINDOWS (6aee7d05-4770-4eea-92d9-a43ffa783bd5)] -> xpath: //h1[text()='My account']]
Verified My account page by using object :[[FirefoxDriver: firefox on WINDOWS (1bd21725-f5fc-432b-83b7-1c187792de4e)] -> xpath: //h1[text()='My account']]
Clicking on Register :Proxy element for: DefaultElementLocator 'By.id: submitAccount'
Verified My account page by using object :[[FirefoxDriver: firefox on WINDOWS (fde790dd-a8f9-4452-add9-442bb8e9cb5b)] -> xpath: //h1[text()='My account']]
Clicked on SignOut button with object : Proxy element for: DefaultElementLocator 'By.linkText: Sign out'
****End of TC001_Customer Registration****
Clicked on SignOut button with object : Proxy element for: DefaultElementLocator 'By.linkText: Sign out'
****End of TC001_Customer Registration****
Clicked on SignOut button with object : Proxy element for: DefaultElementLocator 'By.linkText: Sign out'
****End of TC001_Customer Registration****
****Starting TC001_Customer Registration****
Clicked on Sign IN button with object:[[FirefoxDriver: firefox on WINDOWS (21b3b04d-edb1-4795-a1de-52921d084d7c)] -> link text: Sign in]
Entering Email ID:qatest5537@gmail.comusing object:[[FirefoxDriver: firefox on WINDOWS (21b3b04d-edb1-4795-a1de-52921d084d7c)] -> id: email_create]
Clicking on Create an account:[[FirefoxDriver: firefox on WINDOWS (21b3b04d-edb1-4795-a1de-52921d084d7c)] -> id: SubmitCreate]
Verifying customer info page by using object[[FirefoxDriver: firefox on WINDOWS (21b3b04d-edb1-4795-a1de-52921d084d7c)] -> xpath: //h1[text()='Create an account']]
Clicking on Mr radio button by using object:[[FirefoxDriver: firefox on WINDOWS (21b3b04d-edb1-4795-a1de-52921d084d7c)] -> id: id_gender1]
Entering first name by using object :[[FirefoxDriver: firefox on WINDOWS (21b3b04d-edb1-4795-a1de-52921d084d7c)] -> id: customer_firstname]
Entering last name by using object :[[FirefoxDriver: firefox on WINDOWS (21b3b04d-edb1-4795-a1de-52921d084d7c)] -> id: customer_lastname]
Entering password by using object :[[FirefoxDriver: firefox on WINDOWS (21b3b04d-edb1-4795-a1de-52921d084d7c)] -> id: passwd]
Selected a day by using object :[[FirefoxDriver: firefox on WINDOWS (21b3b04d-edb1-4795-a1de-52921d084d7c)] -> id: days]
Selected a month by using object :[[FirefoxDriver: firefox on WINDOWS (21b3b04d-edb1-4795-a1de-52921d084d7c)] -> id: months]
Selected a year by using object :[[FirefoxDriver: firefox on WINDOWS (21b3b04d-edb1-4795-a1de-52921d084d7c)] -> id: years]
Entering address by using object :[[FirefoxDriver: firefox on WINDOWS (21b3b04d-edb1-4795-a1de-52921d084d7c)] -> id: address1]
Entering state by using object :[[FirefoxDriver: firefox on WINDOWS (21b3b04d-edb1-4795-a1de-52921d084d7c)] -> id: city]
Selected a state by using object :[[FirefoxDriver: firefox on WINDOWS (21b3b04d-edb1-4795-a1de-52921d084d7c)] -> id: id_state]
Entering zipcode by using object :[[FirefoxDriver: firefox on WINDOWS (21b3b04d-edb1-4795-a1de-52921d084d7c)] -> id: postcode]
Selected a country by using object :[[FirefoxDriver: firefox on WINDOWS (21b3b04d-edb1-4795-a1de-52921d084d7c)] -> id: id_country]
Entering mobile number by using object :[[FirefoxDriver: firefox on WINDOWS (21b3b04d-edb1-4795-a1de-52921d084d7c)] -> id: phone_mobile]
Entering aliasing Address by using object :[[FirefoxDriver: firefox on WINDOWS (21b3b04d-edb1-4795-a1de-52921d084d7c)] -> id: alias]
Clicking on Register :Proxy element for: DefaultElementLocator 'By.id: submitAccount'
Verified My account page by using object :[[FirefoxDriver: firefox on WINDOWS (21b3b04d-edb1-4795-a1de-52921d084d7c)] -> xpath: //h1[text()='My account']]
Clicked on SignOut button with object : Proxy element for: DefaultElementLocator 'By.linkText: Sign out'
****End of TC001_Customer Registration****
****Starting TC001_Customer Registration****
Clicked on Sign IN button with object:[[FirefoxDriver: firefox on WINDOWS (69fb594b-ae27-4068-8919-b9eb9f575fcb)] -> link text: Sign in]
Entering Email ID:qatest3867@gmail.comusing object:[[FirefoxDriver: firefox on WINDOWS (69fb594b-ae27-4068-8919-b9eb9f575fcb)] -> id: email_create]
Clicking on Create an account:[[FirefoxDriver: firefox on WINDOWS (69fb594b-ae27-4068-8919-b9eb9f575fcb)] -> id: SubmitCreate]
Verifying customer info page by using object[[FirefoxDriver: firefox on WINDOWS (69fb594b-ae27-4068-8919-b9eb9f575fcb)] -> xpath: //h1[text()='Create an account']]
Clicking on Mr radio button by using object:[[FirefoxDriver: firefox on WINDOWS (69fb594b-ae27-4068-8919-b9eb9f575fcb)] -> id: id_gender1]
Entering first name by using object :[[FirefoxDriver: firefox on WINDOWS (69fb594b-ae27-4068-8919-b9eb9f575fcb)] -> id: customer_firstname]
Entering last name by using object :[[FirefoxDriver: firefox on WINDOWS (69fb594b-ae27-4068-8919-b9eb9f575fcb)] -> id: customer_lastname]
Entering password by using object :[[FirefoxDriver: firefox on WINDOWS (69fb594b-ae27-4068-8919-b9eb9f575fcb)] -> id: passwd]
Selected a day by using object :[[FirefoxDriver: firefox on WINDOWS (69fb594b-ae27-4068-8919-b9eb9f575fcb)] -> id: days]
Selected a month by using object :[[FirefoxDriver: firefox on WINDOWS (69fb594b-ae27-4068-8919-b9eb9f575fcb)] -> id: months]
Selected a year by using object :[[FirefoxDriver: firefox on WINDOWS (69fb594b-ae27-4068-8919-b9eb9f575fcb)] -> id: years]
Entering address by using object :[[FirefoxDriver: firefox on WINDOWS (69fb594b-ae27-4068-8919-b9eb9f575fcb)] -> id: address1]
Entering state by using object :[[FirefoxDriver: firefox on WINDOWS (69fb594b-ae27-4068-8919-b9eb9f575fcb)] -> id: city]
Selected a state by using object :[[FirefoxDriver: firefox on WINDOWS (69fb594b-ae27-4068-8919-b9eb9f575fcb)] -> id: id_state]
Entering zipcode by using object :[[FirefoxDriver: firefox on WINDOWS (69fb594b-ae27-4068-8919-b9eb9f575fcb)] -> id: postcode]
Selected a country by using object :[[FirefoxDriver: firefox on WINDOWS (69fb594b-ae27-4068-8919-b9eb9f575fcb)] -> id: id_country]
Entering mobile number by using object :[[FirefoxDriver: firefox on WINDOWS (69fb594b-ae27-4068-8919-b9eb9f575fcb)] -> id: phone_mobile]
Entering aliasing Address by using object :[[FirefoxDriver: firefox on WINDOWS (69fb594b-ae27-4068-8919-b9eb9f575fcb)] -> id: alias]
Clicking on Register :Proxy element for: DefaultElementLocator 'By.id: submitAccount'
Verified My account page by using object :[[FirefoxDriver: firefox on WINDOWS (69fb594b-ae27-4068-8919-b9eb9f575fcb)] -> xpath: //h1[text()='My account']]
Clicked on SignOut button with object : Proxy element for: DefaultElementLocator 'By.linkText: Sign out'
****End of TC001_Customer Registration****
****Starting TC001_Customer Registration****
Clicked on Sign IN button with object:[[FirefoxDriver: firefox on WINDOWS (4029c7b6-f182-4dde-a312-7472906a35d4)] -> link text: Sign in]
Entering Email ID:qatest4240@gmail.comusing object:[[FirefoxDriver: firefox on WINDOWS (4029c7b6-f182-4dde-a312-7472906a35d4)] -> id: email_create]
Clicking on Create an account:[[FirefoxDriver: firefox on WINDOWS (4029c7b6-f182-4dde-a312-7472906a35d4)] -> id: SubmitCreate]
Verifying customer info page by using object[[FirefoxDriver: firefox on WINDOWS (4029c7b6-f182-4dde-a312-7472906a35d4)] -> xpath: //h1[text()='Create an account']]
Clicking on Mr radio button by using object:[[FirefoxDriver: firefox on WINDOWS (4029c7b6-f182-4dde-a312-7472906a35d4)] -> id: id_gender1]
Entering first name by using object :[[FirefoxDriver: firefox on WINDOWS (4029c7b6-f182-4dde-a312-7472906a35d4)] -> id: customer_firstname]
Entering last name by using object :[[FirefoxDriver: firefox on WINDOWS (4029c7b6-f182-4dde-a312-7472906a35d4)] -> id: customer_lastname]
Entering password by using object :[[FirefoxDriver: firefox on WINDOWS (4029c7b6-f182-4dde-a312-7472906a35d4)] -> id: passwd]
Selected a day by using object :[[FirefoxDriver: firefox on WINDOWS (4029c7b6-f182-4dde-a312-7472906a35d4)] -> id: days]
Selected a month by using object :[[FirefoxDriver: firefox on WINDOWS (4029c7b6-f182-4dde-a312-7472906a35d4)] -> id: months]
Selected a year by using object :[[FirefoxDriver: firefox on WINDOWS (4029c7b6-f182-4dde-a312-7472906a35d4)] -> id: years]
Entering address by using object :[[FirefoxDriver: firefox on WINDOWS (4029c7b6-f182-4dde-a312-7472906a35d4)] -> id: address1]
Entering state by using object :[[FirefoxDriver: firefox on WINDOWS (4029c7b6-f182-4dde-a312-7472906a35d4)] -> id: city]
Selected a state by using object :[[FirefoxDriver: firefox on WINDOWS (4029c7b6-f182-4dde-a312-7472906a35d4)] -> id: id_state]
Entering zipcode by using object :[[FirefoxDriver: firefox on WINDOWS (4029c7b6-f182-4dde-a312-7472906a35d4)] -> id: postcode]
Selected a country by using object :[[FirefoxDriver: firefox on WINDOWS (4029c7b6-f182-4dde-a312-7472906a35d4)] -> id: id_country]
Entering mobile number by using object :[[FirefoxDriver: firefox on WINDOWS (4029c7b6-f182-4dde-a312-7472906a35d4)] -> id: phone_mobile]
Entering aliasing Address by using object :[[FirefoxDriver: firefox on WINDOWS (4029c7b6-f182-4dde-a312-7472906a35d4)] -> id: alias]
Clicking on Register :Proxy element for: DefaultElementLocator 'By.id: submitAccount'
Verified My account page by using object :[[FirefoxDriver: firefox on WINDOWS (4029c7b6-f182-4dde-a312-7472906a35d4)] -> xpath: //h1[text()='My account']]
Clicked on SignOut button with object : Proxy element for: DefaultElementLocator 'By.linkText: Sign out'
****End of TC001_Customer Registration****
****Starting TC001_Customer Registration****
Clicked on Sign IN button with object:[[FirefoxDriver: firefox on WINDOWS (9bc46664-1144-4cc2-a8c5-e68595e1a9e7)] -> link text: Sign in]
Entering Email ID:qatest6704@gmail.comusing object:[[FirefoxDriver: firefox on WINDOWS (9bc46664-1144-4cc2-a8c5-e68595e1a9e7)] -> id: email_create]
Clicking on Create an account:[[FirefoxDriver: firefox on WINDOWS (9bc46664-1144-4cc2-a8c5-e68595e1a9e7)] -> id: SubmitCreate]
Verifying customer info page by using object[[FirefoxDriver: firefox on WINDOWS (9bc46664-1144-4cc2-a8c5-e68595e1a9e7)] -> xpath: //h1[text()='Create an account']]
Clicking on Mr radio button by using object:[[FirefoxDriver: firefox on WINDOWS (9bc46664-1144-4cc2-a8c5-e68595e1a9e7)] -> id: id_gender1]
Entering first name by using object :[[FirefoxDriver: firefox on WINDOWS (9bc46664-1144-4cc2-a8c5-e68595e1a9e7)] -> id: customer_firstname]
Entering last name by using object :[[FirefoxDriver: firefox on WINDOWS (9bc46664-1144-4cc2-a8c5-e68595e1a9e7)] -> id: customer_lastname]
Entering password by using object :[[FirefoxDriver: firefox on WINDOWS (9bc46664-1144-4cc2-a8c5-e68595e1a9e7)] -> id: passwd]
Selected a day by using object :[[FirefoxDriver: firefox on WINDOWS (9bc46664-1144-4cc2-a8c5-e68595e1a9e7)] -> id: days]
Selected a month by using object :[[FirefoxDriver: firefox on WINDOWS (9bc46664-1144-4cc2-a8c5-e68595e1a9e7)] -> id: months]
Selected a year by using object :[[FirefoxDriver: firefox on WINDOWS (9bc46664-1144-4cc2-a8c5-e68595e1a9e7)] -> id: years]
Entering address by using object :[[FirefoxDriver: firefox on WINDOWS (9bc46664-1144-4cc2-a8c5-e68595e1a9e7)] -> id: address1]
Entering state by using object :[[FirefoxDriver: firefox on WINDOWS (9bc46664-1144-4cc2-a8c5-e68595e1a9e7)] -> id: city]
Selected a state by using object :[[FirefoxDriver: firefox on WINDOWS (9bc46664-1144-4cc2-a8c5-e68595e1a9e7)] -> id: id_state]
Entering zipcode by using object :[[FirefoxDriver: firefox on WINDOWS (9bc46664-1144-4cc2-a8c5-e68595e1a9e7)] -> id: postcode]
Selected a country by using object :[[FirefoxDriver: firefox on WINDOWS (9bc46664-1144-4cc2-a8c5-e68595e1a9e7)] -> id: id_country]
Entering mobile number by using object :[[FirefoxDriver: firefox on WINDOWS (9bc46664-1144-4cc2-a8c5-e68595e1a9e7)] -> id: phone_mobile]
Entering aliasing Address by using object :[[FirefoxDriver: firefox on WINDOWS (9bc46664-1144-4cc2-a8c5-e68595e1a9e7)] -> id: alias]
Clicking on Register :Proxy element for: DefaultElementLocator 'By.id: submitAccount'
Verified My account page by using object :[[FirefoxDriver: firefox on WINDOWS (9bc46664-1144-4cc2-a8c5-e68595e1a9e7)] -> xpath: //h1[text()='My account']]
Clicked on SignOut button with object : Proxy element for: DefaultElementLocator 'By.linkText: Sign out'
****End of TC001_Customer Registration****
****Starting TC001_Customer Registration****
Clicked on Sign IN button with object:[[FirefoxDriver: firefox on WINDOWS (ea6347e2-4c90-4779-adff-a02bcb6d4b92)] -> link text: Sign in]
Entering Email ID:qatest5644@gmail.comusing object:[[FirefoxDriver: firefox on WINDOWS (ea6347e2-4c90-4779-adff-a02bcb6d4b92)] -> id: email_create]
Clicking on Create an account:[[FirefoxDriver: firefox on WINDOWS (ea6347e2-4c90-4779-adff-a02bcb6d4b92)] -> id: SubmitCreate]
Verifying customer info page by using object[[FirefoxDriver: firefox on WINDOWS (ea6347e2-4c90-4779-adff-a02bcb6d4b92)] -> xpath: //h1[text()='Create an account']]
Clicking on Mr radio button by using object:[[FirefoxDriver: firefox on WINDOWS (ea6347e2-4c90-4779-adff-a02bcb6d4b92)] -> id: id_gender1]
Entering first name by using object :[[FirefoxDriver: firefox on WINDOWS (ea6347e2-4c90-4779-adff-a02bcb6d4b92)] -> id: customer_firstname]
Entering last name by using object :[[FirefoxDriver: firefox on WINDOWS (ea6347e2-4c90-4779-adff-a02bcb6d4b92)] -> id: customer_lastname]
Entering password by using object :[[FirefoxDriver: firefox on WINDOWS (ea6347e2-4c90-4779-adff-a02bcb6d4b92)] -> id: passwd]
Selected a day by using object :[[FirefoxDriver: firefox on WINDOWS (ea6347e2-4c90-4779-adff-a02bcb6d4b92)] -> id: days]
Selected a month by using object :[[FirefoxDriver: firefox on WINDOWS (ea6347e2-4c90-4779-adff-a02bcb6d4b92)] -> id: months]
Selected a year by using object :[[FirefoxDriver: firefox on WINDOWS (ea6347e2-4c90-4779-adff-a02bcb6d4b92)] -> id: years]
Entering address by using object :[[FirefoxDriver: firefox on WINDOWS (ea6347e2-4c90-4779-adff-a02bcb6d4b92)] -> id: address1]
Entering state by using object :[[FirefoxDriver: firefox on WINDOWS (ea6347e2-4c90-4779-adff-a02bcb6d4b92)] -> id: city]
Selected a state by using object :[[FirefoxDriver: firefox on WINDOWS (ea6347e2-4c90-4779-adff-a02bcb6d4b92)] -> id: id_state]
Entering zipcode by using object :[[FirefoxDriver: firefox on WINDOWS (ea6347e2-4c90-4779-adff-a02bcb6d4b92)] -> id: postcode]
Selected a country by using object :[[FirefoxDriver: firefox on WINDOWS (ea6347e2-4c90-4779-adff-a02bcb6d4b92)] -> id: id_country]
Entering mobile number by using object :[[FirefoxDriver: firefox on WINDOWS (ea6347e2-4c90-4779-adff-a02bcb6d4b92)] -> id: phone_mobile]
Entering aliasing Address by using object :[[FirefoxDriver: firefox on WINDOWS (ea6347e2-4c90-4779-adff-a02bcb6d4b92)] -> id: alias]
Clicking on Register :Proxy element for: DefaultElementLocator 'By.id: submitAccount'
Verified My account page by using object :[[FirefoxDriver: firefox on WINDOWS (ea6347e2-4c90-4779-adff-a02bcb6d4b92)] -> xpath: //h1[text()='My account']]
Clicked on SignOut button with object : Proxy element for: DefaultElementLocator 'By.linkText: Sign out'
****End of TC001_Customer Registration****
